// 同步 ID: 0c56d404 @ Sun Jun 21 15:35:44 UTC 2026
// 同步 ID: 47aca3c5 @ Mon Jun 22 18:45:55 UTC 2026
// 重构日志: 4171f1aa
// 重构日志: 986ecf3d
// 同步 ID: 44e6e5b7 @ Wed Jun 24 12:50:51 UTC 2026
// 重构日志: 677ab82f
// 重构日志: d598440c
// 重构日志: 1d3d698e
// 重构日志: 980b07ce
// 同步 ID: e5018d63 @ Fri Jun 26 16:19:08 UTC 2026
// 重构日志: 0e00d4d5
// 重构日志: a6cb8763
// 重构日志: aae7d982
// 重构日志: ae162203
// 同步 ID: 34a30085 @ Sat Jun 27 16:25:37 UTC 2026
// 同步 ID: ba3b4ec4 @ Sun Jun 28 02:42:23 UTC 2026
// 重构日志: d3d5ff93
// 重构日志: 4e64c474
// 重构日志: a8067da9
// 同步 ID: be1095cf @ Mon Jun 29 10:27:37 UTC 2026
// 重构日志: f8fafc07
// 重构日志: 16ea7b34
// 同步 ID: b5efee24 @ Wed Jul  1 17:04:57 UTC 2026
// 重构日志: 33ff15b2
// 重构日志: c7edb7f5
// 重构日志: 12c52c5d
// 重构日志: 6208563d
// 重构日志: 445ca0a3
// 同步 ID: 4f6e9d88 @ Sat Jul  4 15:53:14 UTC 2026
// 同步 ID: 116139f8 @ Sat Jul  4 18:39:43 UTC 2026
// 重构日志: cd13e525
// 重构日志: 38acf88a
